[2023-08-25 18:15:21] local.ERROR: View [welcome] not found. {"exception":"[object] (InvalidArgumentException(code: 0): View [welcome] not found. at C:\\xampp\\htdocs\\All Project\\Udemy\\Student-Registration-Form-Using-laravel\\vendor\\laravel\\framework\\src\\Illuminate\\View\\FileViewFinder.php:137)
[stacktrace]
#0 C:\\xampp\\htdocs\\All Project\\Udemy\\Student-Registration-Form-Using-laravel\\vendor\\laravel\\framework\\src\\Illuminate\\View\\FileViewFinder.php(79): Illuminate\\View\\FileViewFinder->findInPaths()
#1 C:\\xampp\\htdocs\\All Project\\Udemy\\Student-Registration-Form-Using-laravel\\vendor\\laravel\\framework\\src\\Illuminate\\View\\Factory.php(137): Illuminate\\View\\FileViewFinder->find()
#2 C:\\xampp\\htdocs\\All Project\\Udemy\\Student-Registration-Form-Using-laravel\\vendor\\laravel\\framework\\src\\Illuminate\\Foundation\\helpers.php(1017): Illuminate\\View\\Factory->make()
#3 C:\\xampp\\htdocs\\All Project\\Udemy\\Student-Registration-Form-Using-laravel\\routes\\web.php(18): view()
#4 C:\\xampp\\htdocs\\All Project\\Udemy\\Student-Registration-Form-Using-laravel\\vendor\\laravel\\framework\\src\\Illuminate\\Routing\\CallableDispatcher.php(40): Illuminate\\Routing\\RouteFileRegistrar->{closure}()
#5 C:\\xampp\\htdocs\\All Project\\Udemy\\Student-Registration-Form-Using-laravel\\vendor\\laravel\\framework\\src\\Illuminate\\Routing\\Route.php(237): Illuminate\\Routing\\CallableDispatcher->dispatch()
#6 C:\\xampp\\htdocs\\All Project\\Udemy\\Student-Registration-Form-Using-laravel\\vendor\\laravel\\framework\\src\\Illuminate\\Routing\\Route.php(208): Illuminate\\Routing\\Route->runCallable()
#7 C:\\xampp\\htdocs\\All Project\\Udemy\\Student-Registration-Form-Using-laravel\\vendor\\laravel\\framework\\src\\Illuminate\\Routing\\Router.php(799): Illuminate\\Routing\\Route->run()
#8 C:\\xampp\\htdocs\\All Project\\Udemy\\Student-Registration-Form-Using-laravel\\vendor\\laravel\\framework\\src\\Illuminate\\Pipeline\\Pipeline.php(141): Illuminate\\Routing\\Router->Illuminate\\Routing\\{closure}()
#9 C:\\xampp\\htdocs\\All Project\\Udemy\\Student-Registration-Form-Using-laravel\\vendor\\laravel\\framework\\src\\Illuminate\\Routing\\Middleware\\SubstituteBindings.php(50): Illuminate\\Pipeline\\Pipeline->Illuminate\\Pipeline\\{closure}()
#10 C:\\xampp\\htdocs\\All Project\\Udemy\\Student-Registration-Form-Using-laravel\\vendor\\laravel\\framework\\src\\Illuminate\\Pipeline\\Pipeline.php(180): Illuminate\\Routing\\Middleware\\SubstituteBindings->handle()
#11 C:\\xampp\\htdocs\\All Project\\Udemy\\Student-Registration-Form-Using-laravel\\vendor\\laravel\\framework\\src\\Illuminate\\Foundation\\Http\\Middleware\\VerifyCsrfToken.php(78): Illuminate\\Pipeline\\Pipeline->Illuminate\\Pipeline\\{closure}()
#12 C:\\xampp\\htdocs\\All Project\\Udemy\\Student-Registration-Form-Using-laravel\\vendor\\laravel\\framework\\src\\Illuminate\\Pipeline\\Pipeline.php(180): Illuminate\\Foundation\\Http\\Middleware\\VerifyCsrfToken->handle()
#13 C:\\xampp\\htdocs\\All Project\\Udemy\\Student-Registration-Form-Using-laravel\\vendor\\laravel\\framework\\src\\Illuminate\\View\\Middleware\\ShareErrorsFromSession.php(49): Illuminate\\Pipeline\\Pipeline->Illuminate\\Pipeline\\{closure}()
#14 C:\\xampp\\htdocs\\All Project\\Udemy\\Student-Registration-Form-Using-laravel\\vendor\\laravel\\framework\\src\\Illuminate\\Pipeline\\Pipeline.php(180): Illuminate\\View\\Middleware\\ShareErrorsFromSession->handle()
#15 C:\\xampp\\htdocs\\All Project\\Udemy\\Student-Registration-Form-Using-laravel\\vendor\\laravel\\framework\\src\\Illuminate\\Session\\Middleware\\StartSession.php(121): Illuminate\\Pipeline\\Pipeline->Illuminate\\Pipeline\\{closure}()
#16 C:\\xampp\\htdocs\\All Project\\Udemy\\Student-Registration-Form-Using-laravel\\vendor\\laravel\\framework\\src\\Illuminate\\Session\\Middleware\\StartSession.php(64): Illuminate\\Session\\Middleware\\StartSession->handleStatefulRequest()
#17 C:\\xampp\\htdocs\\All Project\\Udemy\\Student-Registration-Form-Using-laravel\\vendor\\laravel\\framework\\src\\Illuminate\\Pipeline\\Pipeline.php(180): Illuminate\\Session\\Middleware\\StartSession->handle()
#18 C:\\xampp\\htdocs\\All Project\\Udemy\\Student-Registration-Form-Using-laravel\\vendor\\laravel\\framework\\src\\Illuminate\\Cookie\\Middleware\\AddQueuedCookiesToResponse.php(37): Illuminate\\Pipeline\\Pipeline->Illuminate\\Pipeline\\{closure}()
#19 C:\\xampp\\htdocs\\All Project\\Udemy\\Student-Registration-Form-Using-laravel\\vendor\\laravel\\framework\\src\\Illuminate\\Pipeline\\Pipeline.php(180): Illuminate\\Cookie\\Middleware\\AddQueuedCookiesToResponse->handle()
#20 C:\\xampp\\htdocs\\All Project\\Udemy\\Student-Registration-Form-Using-laravel\\vendor\\laravel\\framework\\src\\Illuminate\\Cookie\\Middleware\\EncryptCookies.php(67): Illuminate\\Pipeline\\Pipeline->Illuminate\\Pipeline\\{closure}()
#21 C:\\xampp\\htdocs\\All Project\\Udemy\\Student-Registration-Form-Using-laravel\\vendor\\laravel\\framework\\src\\Illuminate\\Pipeline\\Pipeline.php(180): Illuminate\\Cookie\\Middleware\\EncryptCookies->handle()
#22 C:\\xampp\\htdocs\\All Project\\Udemy\\Student-Registration-Form-Using-laravel\\vendor\\laravel\\framework\\src\\Illuminate\\Pipeline\\Pipeline.php(116): Illuminate\\Pipeline\\Pipeline->Illuminate\\Pipeline\\{closure}()
#23 C:\\xampp\\htdocs\\All Project\\Udemy\\Student-Registration-Form-Using-laravel\\vendor\\laravel\\framework\\src\\Illuminate\\Routing\\Router.php(798): Illuminate\\Pipeline\\Pipeline->then()
#24 C:\\xampp\\htdocs\\All Project\\Udemy\\Student-Registration-Form-Using-laravel\\vendor\\laravel\\framework\\src\\Illuminate\\Routing\\Router.php(777): Illuminate\\Routing\\Router->runRouteWithinStack()
#25 C:\\xampp\\htdocs\\All Project\\Udemy\\Student-Registration-Form-Using-laravel\\vendor\\laravel\\framework\\src\\Illuminate\\Routing\\Router.php(741): Illuminate\\Routing\\Router->runRoute()
#26 C:\\xampp\\htdocs\\All Project\\Udemy\\Student-Registration-Form-Using-laravel\\vendor\\laravel\\framework\\src\\Illuminate\\Routing\\Router.php(730): Illuminate\\Routing\\Router->dispatchToRoute()
#27 C:\\xampp\\htdocs\\All Project\\Udemy\\Student-Registration-Form-Using-laravel\\vendor\\laravel\\framework\\src\\Illuminate\\Foundation\\Http\\Kernel.php(200): Illuminate\\Routing\\Router->dispatch()
#28 C:\\xampp\\htdocs\\All Project\\Udemy\\Student-Registration-Form-Using-laravel\\vendor\\laravel\\framework\\src\\Illuminate\\Pipeline\\Pipeline.php(141): Illuminate\\Foundation\\Http\\Kernel->Illuminate\\Foundation\\Http\\{closure}()
#29 C:\\xampp\\htdocs\\All Project\\Udemy\\Student-Registration-Form-Using-laravel\\vendor\\laravel\\framework\\src\\Illuminate\\Foundation\\Http\\Middleware\\TransformsRequest.php(21): Illuminate\\Pipeline\\Pipeline->Illuminate\\Pipeline\\{closure}()
#30 C:\\xampp\\htdocs\\All Project\\Udemy\\Student-Registration-Form-Using-laravel\\vendor\\laravel\\framework\\src\\Illuminate\\Foundation\\Http\\Middleware\\ConvertEmptyStringsToNull.php(31): Illuminate\\Foundation\\Http\\Middleware\\TransformsRequest->handle()
#31 C:\\xampp\\htdocs\\All Project\\Udemy\\Student-Registration-Form-Using-laravel\\vendor\\laravel\\framework\\src\\Illuminate\\Pipeline\\Pipeline.php(180): Illuminate\\Foundation\\Http\\Middleware\\ConvertEmptyStringsToNull->handle()
#32 C:\\xampp\\htdocs\\All Project\\Udemy\\Student-Registration-Form-Using-laravel\\vendor\\laravel\\framework\\src\\Illuminate\\Foundation\\Http\\Middleware\\TransformsRequest.php(21): Illuminate\\Pipeline\\Pipeline->Illuminate\\Pipeline\\{closure}()
#33 C:\\xampp\\htdocs\\All Project\\Udemy\\Student-Registration-Form-Using-laravel\\vendor\\laravel\\framework\\src\\Illuminate\\Foundation\\Http\\Middleware\\TrimStrings.php(40): Illuminate\\Foundation\\Http\\Middleware\\TransformsRequest->handle()
#34 C:\\xampp\\htdocs\\All Project\\Udemy\\Student-Registration-Form-Using-laravel\\vendor\\laravel\\framework\\src\\Illuminate\\Pipeline\\Pipeline.php(180): Illuminate\\Foundation\\Http\\Middleware\\TrimStrings->handle()
#35 C:\\xampp\\htdocs\\All Project\\Udemy\\Student-Registration-Form-Using-laravel\\vendor\\laravel\\framework\\src\\Illuminate\\Foundation\\Http\\Middleware\\ValidatePostSize.php(27): Illuminate\\Pipeline\\Pipeline->Illuminate\\Pipeline\\{closure}()
#36 C:\\xampp\\htdocs\\All Project\\Udemy\\Student-Registration-Form-Using-laravel\\vendor\\laravel\\framework\\src\\Illuminate\\Pipeline\\Pipeline.php(180): Illuminate\\Foundation\\Http\\Middleware\\ValidatePostSize->handle()
#37 C:\\xampp\\htdocs\\All Project\\Udemy\\Student-Registration-Form-Using-laravel\\vendor\\laravel\\framework\\src\\Illuminate\\Foundation\\Http\\Middleware\\PreventRequestsDuringMaintenance.php(86): Illuminate\\Pipeline\\Pipeline->Illuminate\\Pipeline\\{closure}()
#38 C:\\xampp\\htdocs\\All Project\\Udemy\\Student-Registration-Form-Using-laravel\\vendor\\laravel\\framework\\src\\Illuminate\\Pipeline\\Pipeline.php(180): Illuminate\\Foundation\\Http\\Middleware\\PreventRequestsDuringMaintenance->handle()
#39 C:\\xampp\\htdocs\\All Project\\Udemy\\Student-Registration-Form-Using-laravel\\vendor\\laravel\\framework\\src\\Illuminate\\Http\\Middleware\\HandleCors.php(49): Illuminate\\Pipeline\\Pipeline->Illuminate\\Pipeline\\{closure}()
#40 C:\\xampp\\htdocs\\All Project\\Udemy\\Student-Registration-Form-Using-laravel\\vendor\\laravel\\framework\\src\\Illuminate\\Pipeline\\Pipeline.php(180): Illuminate\\Http\\Middleware\\HandleCors->handle()
#41 C:\\xampp\\htdocs\\All Project\\Udemy\\Student-Registration-Form-Using-laravel\\vendor\\laravel\\framework\\src\\Illuminate\\Http\\Middleware\\TrustProxies.php(39): Illuminate\\Pipeline\\Pipeline->Illuminate\\Pipeline\\{closure}()
#42 C:\\xampp\\htdocs\\All Project\\Udemy\\Student-Registration-Form-Using-laravel\\vendor\\laravel\\framework\\src\\Illuminate\\Pipeline\\Pipeline.php(180): Illuminate\\Http\\Middleware\\TrustProxies->handle()
#43 C:\\xampp\\htdocs\\All Project\\Udemy\\Student-Registration-Form-Using-laravel\\vendor\\laravel\\framework\\src\\Illuminate\\Pipeline\\Pipeline.php(116): Illuminate\\Pipeline\\Pipeline->Illuminate\\Pipeline\\{closure}()
#44 C:\\xampp\\htdocs\\All Project\\Udemy\\Student-Registration-Form-Using-laravel\\vendor\\laravel\\framework\\src\\Illuminate\\Foundation\\Http\\Kernel.php(175): Illuminate\\Pipeline\\Pipeline->then()
#45 C:\\xampp\\htdocs\\All Project\\Udemy\\Student-Registration-Form-Using-laravel\\vendor\\laravel\\framework\\src\\Illuminate\\Foundation\\Http\\Kernel.php(144): Illuminate\\Foundation\\Http\\Kernel->sendRequestThroughRouter()
#46 C:\\xampp\\htdocs\\All Project\\Udemy\\Student-Registration-Form-Using-laravel\\public\\index.php(51): Illuminate\\Foundation\\Http\\Kernel->handle()
#47 C:\\xampp\\htdocs\\All Project\\Udemy\\Student-Registration-Form-Using-laravel\\vendor\\laravel\\framework\\src\\Illuminate\\Foundation\\resources\\server.php(16): require_once('...')
#48 {main}
"} 
[2023-08-25 18:15:21] local.ERROR: file_put_contents(C:\xampp\htdocs\All Project\Udemy\storage\framework/sessions/xSVp0bC0n5uHG3WY0wP03sGUPb8uJgN6pSRGabET): Failed to open stream: No such file or directory {"exception":"[object] (ErrorException(code: 0): file_put_contents(C:\\xampp\\htdocs\\All Project\\Udemy\\storage\\framework/sessions/xSVp0bC0n5uHG3WY0wP03sGUPb8uJgN6pSRGabET): Failed to open stream: No such file or directory at C:\\xampp\\htdocs\\All Project\\Udemy\\Student-Registration-Form-Using-laravel\\vendor\\laravel\\framework\\src\\Illuminate\\Filesystem\\Filesystem.php:205)
[stacktrace]
#0 C:\\xampp\\htdocs\\All Project\\Udemy\\Student-Registration-Form-Using-laravel\\vendor\\laravel\\framework\\src\\Illuminate\\Foundation\\Bootstrap\\HandleExceptions.php(254): Illuminate\\Foundation\\Bootstrap\\HandleExceptions->handleError()
#1 [internal function]: Illuminate\\Foundation\\Bootstrap\\HandleExceptions->Illuminate\\Foundation\\Bootstrap\\{closure}()
#2 C:\\xampp\\htdocs\\All Project\\Udemy\\Student-Registration-Form-Using-laravel\\vendor\\laravel\\framework\\src\\Illuminate\\Filesystem\\Filesystem.php(205): file_put_contents()
#3 C:\\xampp\\htdocs\\All Project\\Udemy\\Student-Registration-Form-Using-laravel\\vendor\\laravel\\framework\\src\\Illuminate\\Session\\FileSessionHandler.php(90): Illuminate\\Filesystem\\Filesystem->put()
#4 C:\\xampp\\htdocs\\All Project\\Udemy\\Student-Registration-Form-Using-laravel\\vendor\\laravel\\framework\\src\\Illuminate\\Session\\Store.php(172): Illuminate\\Session\\FileSessionHandler->write()
#5 C:\\xampp\\htdocs\\All Project\\Udemy\\Student-Registration-Form-Using-laravel\\vendor\\laravel\\framework\\src\\Illuminate\\Session\\Middleware\\StartSession.php(238): Illuminate\\Session\\Store->save()
#6 C:\\xampp\\htdocs\\All Project\\Udemy\\Student-Registration-Form-Using-laravel\\vendor\\laravel\\framework\\src\\Illuminate\\Session\\Middleware\\StartSession.php(130): Illuminate\\Session\\Middleware\\StartSession->saveSession()
#7 C:\\xampp\\htdocs\\All Project\\Udemy\\Student-Registration-Form-Using-laravel\\vendor\\laravel\\framework\\src\\Illuminate\\Session\\Middleware\\StartSession.php(64): Illuminate\\Session\\Middleware\\StartSession->handleStatefulRequest()
#8 C:\\xampp\\htdocs\\All Project\\Udemy\\Student-Registration-Form-Using-laravel\\vendor\\laravel\\framework\\src\\Illuminate\\Pipeline\\Pipeline.php(180): Illuminate\\Session\\Middleware\\StartSession->handle()
#9 C:\\xampp\\htdocs\\All Project\\Udemy\\Student-Registration-Form-Using-laravel\\vendor\\laravel\\framework\\src\\Illuminate\\Cookie\\Middleware\\AddQueuedCookiesToResponse.php(37): Illuminate\\Pipeline\\Pipeline->Illuminate\\Pipeline\\{closure}()
#10 C:\\xampp\\htdocs\\All Project\\Udemy\\Student-Registration-Form-Using-laravel\\vendor\\laravel\\framework\\src\\Illuminate\\Pipeline\\Pipeline.php(180): Illuminate\\Cookie\\Middleware\\AddQueuedCookiesToResponse->handle()
#11 C:\\xampp\\htdocs\\All Project\\Udemy\\Student-Registration-Form-Using-laravel\\vendor\\laravel\\framework\\src\\Illuminate\\Cookie\\Middleware\\EncryptCookies.php(67): Illuminate\\Pipeline\\Pipeline->Illuminate\\Pipeline\\{closure}()
#12 C:\\xampp\\htdocs\\All Project\\Udemy\\Student-Registration-Form-Using-laravel\\vendor\\laravel\\framework\\src\\Illuminate\\Pipeline\\Pipeline.php(180): Illuminate\\Cookie\\Middleware\\EncryptCookies->handle()
#13 C:\\xampp\\htdocs\\All Project\\Udemy\\Student-Registration-Form-Using-laravel\\vendor\\laravel\\framework\\src\\Illuminate\\Pipeline\\Pipeline.php(116): Illuminate\\Pipeline\\Pipeline->Illuminate\\Pipeline\\{closure}()
#14 C:\\xampp\\htdocs\\All Project\\Udemy\\Student-Registration-Form-Using-laravel\\vendor\\laravel\\framework\\src\\Illuminate\\Routing\\Router.php(798): Illuminate\\Pipeline\\Pipeline->then()
#15 C:\\xampp\\htdocs\\All Project\\Udemy\\Student-Registration-Form-Using-laravel\\vendor\\laravel\\framework\\src\\Illuminate\\Routing\\Router.php(777): Illuminate\\Routing\\Router->runRouteWithinStack()
#16 C:\\xampp\\htdocs\\All Project\\Udemy\\Student-Registration-Form-Using-laravel\\vendor\\laravel\\framework\\src\\Illuminate\\Routing\\Router.php(741): Illuminate\\Routing\\Router->runRoute()
#17 C:\\xampp\\htdocs\\All Project\\Udemy\\Student-Registration-Form-Using-laravel\\vendor\\laravel\\framework\\src\\Illuminate\\Routing\\Router.php(730): Illuminate\\Routing\\Router->dispatchToRoute()
#18 C:\\xampp\\htdocs\\All Project\\Udemy\\Student-Registration-Form-Using-laravel\\vendor\\laravel\\framework\\src\\Illuminate\\Foundation\\Http\\Kernel.php(200): Illuminate\\Routing\\Router->dispatch()
#19 C:\\xampp\\htdocs\\All Project\\Udemy\\Student-Registration-Form-Using-laravel\\vendor\\laravel\\framework\\src\\Illuminate\\Pipeline\\Pipeline.php(141): Illuminate\\Foundation\\Http\\Kernel->Illuminate\\Foundation\\Http\\{closure}()
#20 C:\\xampp\\htdocs\\All Project\\Udemy\\Student-Registration-Form-Using-laravel\\vendor\\laravel\\framework\\src\\Illuminate\\Foundation\\Http\\Middleware\\TransformsRequest.php(21): Illuminate\\Pipeline\\Pipeline->Illuminate\\Pipeline\\{closure}()
#21 C:\\xampp\\htdocs\\All Project\\Udemy\\Student-Registration-Form-Using-laravel\\vendor\\laravel\\framework\\src\\Illuminate\\Foundation\\Http\\Middleware\\ConvertEmptyStringsToNull.php(31): Illuminate\\Foundation\\Http\\Middleware\\TransformsRequest->handle()
#22 C:\\xampp\\htdocs\\All Project\\Udemy\\Student-Registration-Form-Using-laravel\\vendor\\laravel\\framework\\src\\Illuminate\\Pipeline\\Pipeline.php(180): Illuminate\\Foundation\\Http\\Middleware\\ConvertEmptyStringsToNull->handle()
#23 C:\\xampp\\htdocs\\All Project\\Udemy\\Student-Registration-Form-Using-laravel\\vendor\\laravel\\framework\\src\\Illuminate\\Foundation\\Http\\Middleware\\TransformsRequest.php(21): Illuminate\\Pipeline\\Pipeline->Illuminate\\Pipeline\\{closure}()
#24 C:\\xampp\\htdocs\\All Project\\Udemy\\Student-Registration-Form-Using-laravel\\vendor\\laravel\\framework\\src\\Illuminate\\Foundation\\Http\\Middleware\\TrimStrings.php(40): Illuminate\\Foundation\\Http\\Middleware\\TransformsRequest->handle()
#25 C:\\xampp\\htdocs\\All Project\\Udemy\\Student-Registration-Form-Using-laravel\\vendor\\laravel\\framework\\src\\Illuminate\\Pipeline\\Pipeline.php(180): Illuminate\\Foundation\\Http\\Middleware\\TrimStrings->handle()
#26 C:\\xampp\\htdocs\\All Project\\Udemy\\Student-Registration-Form-Using-laravel\\vendor\\laravel\\framework\\src\\Illuminate\\Foundation\\Http\\Middleware\\ValidatePostSize.php(27): Illuminate\\Pipeline\\Pipeline->Illuminate\\Pipeline\\{closure}()
#27 C:\\xampp\\htdocs\\All Project\\Udemy\\Student-Registration-Form-Using-laravel\\vendor\\laravel\\framework\\src\\Illuminate\\Pipeline\\Pipeline.php(180): Illuminate\\Foundation\\Http\\Middleware\\ValidatePostSize->handle()
#28 C:\\xampp\\htdocs\\All Project\\Udemy\\Student-Registration-Form-Using-laravel\\vendor\\laravel\\framework\\src\\Illuminate\\Foundation\\Http\\Middleware\\PreventRequestsDuringMaintenance.php(86): Illuminate\\Pipeline\\Pipeline->Illuminate\\Pipeline\\{closure}()
#29 C:\\xampp\\htdocs\\All Project\\Udemy\\Student-Registration-Form-Using-laravel\\vendor\\laravel\\framework\\src\\Illuminate\\Pipeline\\Pipeline.php(180): Illuminate\\Foundation\\Http\\Middleware\\PreventRequestsDuringMaintenance->handle()
#30 C:\\xampp\\htdocs\\All Project\\Udemy\\Student-Registration-Form-Using-laravel\\vendor\\laravel\\framework\\src\\Illuminate\\Http\\Middleware\\HandleCors.php(49): Illuminate\\Pipeline\\Pipeline->Illuminate\\Pipeline\\{closure}()
#31 C:\\xampp\\htdocs\\All Project\\Udemy\\Student-Registration-Form-Using-laravel\\vendor\\laravel\\framework\\src\\Illuminate\\Pipeline\\Pipeline.php(180): Illuminate\\Http\\Middleware\\HandleCors->handle()
#32 C:\\xampp\\htdocs\\All Project\\Udemy\\Student-Registration-Form-Using-laravel\\vendor\\laravel\\framework\\src\\Illuminate\\Http\\Middleware\\TrustProxies.php(39): Illuminate\\Pipeline\\Pipeline->Illuminate\\Pipeline\\{closure}()
#33 C:\\xampp\\htdocs\\All Project\\Udemy\\Student-Registration-Form-Using-laravel\\vendor\\laravel\\framework\\src\\Illuminate\\Pipeline\\Pipeline.php(180): Illuminate\\Http\\Middleware\\TrustProxies->handle()
#34 C:\\xampp\\htdocs\\All Project\\Udemy\\Student-Registration-Form-Using-laravel\\vendor\\laravel\\framework\\src\\Illuminate\\Pipeline\\Pipeline.php(116): Illuminate\\Pipeline\\Pipeline->Illuminate\\Pipeline\\{closure}()
#35 C:\\xampp\\htdocs\\All Project\\Udemy\\Student-Registration-Form-Using-laravel\\vendor\\laravel\\framework\\src\\Illuminate\\Foundation\\Http\\Kernel.php(175): Illuminate\\Pipeline\\Pipeline->then()
#36 C:\\xampp\\htdocs\\All Project\\Udemy\\Student-Registration-Form-Using-laravel\\vendor\\laravel\\framework\\src\\Illuminate\\Foundation\\Http\\Kernel.php(144): Illuminate\\Foundation\\Http\\Kernel->sendRequestThroughRouter()
#37 C:\\xampp\\htdocs\\All Project\\Udemy\\Student-Registration-Form-Using-laravel\\public\\index.php(51): Illuminate\\Foundation\\Http\\Kernel->handle()
#38 C:\\xampp\\htdocs\\All Project\\Udemy\\Student-Registration-Form-Using-laravel\\vendor\\laravel\\framework\\src\\Illuminate\\Foundation\\resources\\server.php(16): require_once('...')
#39 {main}
"} 
[2023-08-25 18:15:22] local.ERROR: View [welcome] not found. {"exception":"[object] (InvalidArgumentException(code: 0): View [welcome] not found. at C:\\xampp\\htdocs\\All Project\\Udemy\\Student-Registration-Form-Using-laravel\\vendor\\laravel\\framework\\src\\Illuminate\\View\\FileViewFinder.php:137)
[stacktrace]
#0 C:\\xampp\\htdocs\\All Project\\Udemy\\Student-Registration-Form-Using-laravel\\vendor\\laravel\\framework\\src\\Illuminate\\View\\FileViewFinder.php(79): Illuminate\\View\\FileViewFinder->findInPaths()
#1 C:\\xampp\\htdocs\\All Project\\Udemy\\Student-Registration-Form-Using-laravel\\vendor\\laravel\\framework\\src\\Illuminate\\View\\Factory.php(137): Illuminate\\View\\FileViewFinder->find()
#2 C:\\xampp\\htdocs\\All Project\\Udemy\\Student-Registration-Form-Using-laravel\\vendor\\laravel\\framework\\src\\Illuminate\\Foundation\\helpers.php(1017): Illuminate\\View\\Factory->make()
#3 C:\\xampp\\htdocs\\All Project\\Udemy\\Student-Registration-Form-Using-laravel\\routes\\web.php(18): view()
#4 C:\\xampp\\htdocs\\All Project\\Udemy\\Student-Registration-Form-Using-laravel\\vendor\\laravel\\framework\\src\\Illuminate\\Routing\\CallableDispatcher.php(40): Illuminate\\Routing\\RouteFileRegistrar->{closure}()
#5 C:\\xampp\\htdocs\\All Project\\Udemy\\Student-Registration-Form-Using-laravel\\vendor\\laravel\\framework\\src\\Illuminate\\Routing\\Route.php(237): Illuminate\\Routing\\CallableDispatcher->dispatch()
#6 C:\\xampp\\htdocs\\All Project\\Udemy\\Student-Registration-Form-Using-laravel\\vendor\\laravel\\framework\\src\\Illuminate\\Routing\\Route.php(208): Illuminate\\Routing\\Route->runCallable()
#7 C:\\xampp\\htdocs\\All Project\\Udemy\\Student-Registration-Form-Using-laravel\\vendor\\laravel\\framework\\src\\Illuminate\\Routing\\Router.php(799): Illuminate\\Routing\\Route->run()
#8 C:\\xampp\\htdocs\\All Project\\Udemy\\Student-Registration-Form-Using-laravel\\vendor\\laravel\\framework\\src\\Illuminate\\Pipeline\\Pipeline.php(141): Illuminate\\Routing\\Router->Illuminate\\Routing\\{closure}()
#9 C:\\xampp\\htdocs\\All Project\\Udemy\\Student-Registration-Form-Using-laravel\\vendor\\laravel\\framework\\src\\Illuminate\\Routing\\Middleware\\SubstituteBindings.php(50): Illuminate\\Pipeline\\Pipeline->Illuminate\\Pipeline\\{closure}()
#10 C:\\xampp\\htdocs\\All Project\\Udemy\\Student-Registration-Form-Using-laravel\\vendor\\laravel\\framework\\src\\Illuminate\\Pipeline\\Pipeline.php(180): Illuminate\\Routing\\Middleware\\SubstituteBindings->handle()
#11 C:\\xampp\\htdocs\\All Project\\Udemy\\Student-Registration-Form-Using-laravel\\vendor\\laravel\\framework\\src\\Illuminate\\Foundation\\Http\\Middleware\\VerifyCsrfToken.php(78): Illuminate\\Pipeline\\Pipeline->Illuminate\\Pipeline\\{closure}()
#12 C:\\xampp\\htdocs\\All Project\\Udemy\\Student-Registration-Form-Using-laravel\\vendor\\laravel\\framework\\src\\Illuminate\\Pipeline\\Pipeline.php(180): Illuminate\\Foundation\\Http\\Middleware\\VerifyCsrfToken->handle()
#13 C:\\xampp\\htdocs\\All Project\\Udemy\\Student-Registration-Form-Using-laravel\\vendor\\laravel\\framework\\src\\Illuminate\\View\\Middleware\\ShareErrorsFromSession.php(49): Illuminate\\Pipeline\\Pipeline->Illuminate\\Pipeline\\{closure}()
#14 C:\\xampp\\htdocs\\All Project\\Udemy\\Student-Registration-Form-Using-laravel\\vendor\\laravel\\framework\\src\\Illuminate\\Pipeline\\Pipeline.php(180): Illuminate\\View\\Middleware\\ShareErrorsFromSession->handle()
#15 C:\\xampp\\htdocs\\All Project\\Udemy\\Student-Registration-Form-Using-laravel\\vendor\\laravel\\framework\\src\\Illuminate\\Session\\Middleware\\StartSession.php(121): Illuminate\\Pipeline\\Pipeline->Illuminate\\Pipeline\\{closure}()
#16 C:\\xampp\\htdocs\\All Project\\Udemy\\Student-Registration-Form-Using-laravel\\vendor\\laravel\\framework\\src\\Illuminate\\Session\\Middleware\\StartSession.php(64): Illuminate\\Session\\Middleware\\StartSession->handleStatefulRequest()
#17 C:\\xampp\\htdocs\\All Project\\Udemy\\Student-Registration-Form-Using-laravel\\vendor\\laravel\\framework\\src\\Illuminate\\Pipeline\\Pipeline.php(180): Illuminate\\Session\\Middleware\\StartSession->handle()
#18 C:\\xampp\\htdocs\\All Project\\Udemy\\Student-Registration-Form-Using-laravel\\vendor\\laravel\\framework\\src\\Illuminate\\Cookie\\Middleware\\AddQueuedCookiesToResponse.php(37): Illuminate\\Pipeline\\Pipeline->Illuminate\\Pipeline\\{closure}()
#19 C:\\xampp\\htdocs\\All Project\\Udemy\\Student-Registration-Form-Using-laravel\\vendor\\laravel\\framework\\src\\Illuminate\\Pipeline\\Pipeline.php(180): Illuminate\\Cookie\\Middleware\\AddQueuedCookiesToResponse->handle()
#20 C:\\xampp\\htdocs\\All Project\\Udemy\\Student-Registration-Form-Using-laravel\\vendor\\laravel\\framework\\src\\Illuminate\\Cookie\\Middleware\\EncryptCookies.php(67): Illuminate\\Pipeline\\Pipeline->Illuminate\\Pipeline\\{closure}()
#21 C:\\xampp\\htdocs\\All Project\\Udemy\\Student-Registration-Form-Using-laravel\\vendor\\laravel\\framework\\src\\Illuminate\\Pipeline\\Pipeline.php(180): Illuminate\\Cookie\\Middleware\\EncryptCookies->handle()
#22 C:\\xampp\\htdocs\\All Project\\Udemy\\Student-Registration-Form-Using-laravel\\vendor\\laravel\\framework\\src\\Illuminate\\Pipeline\\Pipeline.php(116): Illuminate\\Pipeline\\Pipeline->Illuminate\\Pipeline\\{closure}()
#23 C:\\xampp\\htdocs\\All Project\\Udemy\\Student-Registration-Form-Using-laravel\\vendor\\laravel\\framework\\src\\Illuminate\\Routing\\Router.php(798): Illuminate\\Pipeline\\Pipeline->then()
#24 C:\\xampp\\htdocs\\All Project\\Udemy\\Student-Registration-Form-Using-laravel\\vendor\\laravel\\framework\\src\\Illuminate\\Routing\\Router.php(777): Illuminate\\Routing\\Router->runRouteWithinStack()
#25 C:\\xampp\\htdocs\\All Project\\Udemy\\Student-Registration-Form-Using-laravel\\vendor\\laravel\\framework\\src\\Illuminate\\Routing\\Router.php(741): Illuminate\\Routing\\Router->runRoute()
#26 C:\\xampp\\htdocs\\All Project\\Udemy\\Student-Registration-Form-Using-laravel\\vendor\\laravel\\framework\\src\\Illuminate\\Routing\\Router.php(730): Illuminate\\Routing\\Router->dispatchToRoute()
#27 C:\\xampp\\htdocs\\All Project\\Udemy\\Student-Registration-Form-Using-laravel\\vendor\\laravel\\framework\\src\\Illuminate\\Foundation\\Http\\Kernel.php(200): Illuminate\\Routing\\Router->dispatch()
#28 C:\\xampp\\htdocs\\All Project\\Udemy\\Student-Registration-Form-Using-laravel\\vendor\\laravel\\framework\\src\\Illuminate\\Pipeline\\Pipeline.php(141): Illuminate\\Foundation\\Http\\Kernel->Illuminate\\Foundation\\Http\\{closure}()
#29 C:\\xampp\\htdocs\\All Project\\Udemy\\Student-Registration-Form-Using-laravel\\vendor\\laravel\\framework\\src\\Illuminate\\Foundation\\Http\\Middleware\\TransformsRequest.php(21): Illuminate\\Pipeline\\Pipeline->Illuminate\\Pipeline\\{closure}()
#30 C:\\xampp\\htdocs\\All Project\\Udemy\\Student-Registration-Form-Using-laravel\\vendor\\laravel\\framework\\src\\Illuminate\\Foundation\\Http\\Middleware\\ConvertEmptyStringsToNull.php(31): Illuminate\\Foundation\\Http\\Middleware\\TransformsRequest->handle()
#31 C:\\xampp\\htdocs\\All Project\\Udemy\\Student-Registration-Form-Using-laravel\\vendor\\laravel\\framework\\src\\Illuminate\\Pipeline\\Pipeline.php(180): Illuminate\\Foundation\\Http\\Middleware\\ConvertEmptyStringsToNull->handle()
#32 C:\\xampp\\htdocs\\All Project\\Udemy\\Student-Registration-Form-Using-laravel\\vendor\\laravel\\framework\\src\\Illuminate\\Foundation\\Http\\Middleware\\TransformsRequest.php(21): Illuminate\\Pipeline\\Pipeline->Illuminate\\Pipeline\\{closure}()
#33 C:\\xampp\\htdocs\\All Project\\Udemy\\Student-Registration-Form-Using-laravel\\vendor\\laravel\\framework\\src\\Illuminate\\Foundation\\Http\\Middleware\\TrimStrings.php(40): Illuminate\\Foundation\\Http\\Middleware\\TransformsRequest->handle()
#34 C:\\xampp\\htdocs\\All Project\\Udemy\\Student-Registration-Form-Using-laravel\\vendor\\laravel\\framework\\src\\Illuminate\\Pipeline\\Pipeline.php(180): Illuminate\\Foundation\\Http\\Middleware\\TrimStrings->handle()
#35 C:\\xampp\\htdocs\\All Project\\Udemy\\Student-Registration-Form-Using-laravel\\vendor\\laravel\\framework\\src\\Illuminate\\Foundation\\Http\\Middleware\\ValidatePostSize.php(27): Illuminate\\Pipeline\\Pipeline->Illuminate\\Pipeline\\{closure}()
#36 C:\\xampp\\htdocs\\All Project\\Udemy\\Student-Registration-Form-Using-laravel\\vendor\\laravel\\framework\\src\\Illuminate\\Pipeline\\Pipeline.php(180): Illuminate\\Foundation\\Http\\Middleware\\ValidatePostSize->handle()
#37 C:\\xampp\\htdocs\\All Project\\Udemy\\Student-Registration-Form-Using-laravel\\vendor\\laravel\\framework\\src\\Illuminate\\Foundation\\Http\\Middleware\\PreventRequestsDuringMaintenance.php(86): Illuminate\\Pipeline\\Pipeline->Illuminate\\Pipeline\\{closure}()
#38 C:\\xampp\\htdocs\\All Project\\Udemy\\Student-Registration-Form-Using-laravel\\vendor\\laravel\\framework\\src\\Illuminate\\Pipeline\\Pipeline.php(180): Illuminate\\Foundation\\Http\\Middleware\\PreventRequestsDuringMaintenance->handle()
#39 C:\\xampp\\htdocs\\All Project\\Udemy\\Student-Registration-Form-Using-laravel\\vendor\\laravel\\framework\\src\\Illuminate\\Http\\Middleware\\HandleCors.php(49): Illuminate\\Pipeline\\Pipeline->Illuminate\\Pipeline\\{closure}()
#40 C:\\xampp\\htdocs\\All Project\\Udemy\\Student-Registration-Form-Using-laravel\\vendor\\laravel\\framework\\src\\Illuminate\\Pipeline\\Pipeline.php(180): Illuminate\\Http\\Middleware\\HandleCors->handle()
#41 C:\\xampp\\htdocs\\All Project\\Udemy\\Student-Registration-Form-Using-laravel\\vendor\\laravel\\framework\\src\\Illuminate\\Http\\Middleware\\TrustProxies.php(39): Illuminate\\Pipeline\\Pipeline->Illuminate\\Pipeline\\{closure}()
#42 C:\\xampp\\htdocs\\All Project\\Udemy\\Student-Registration-Form-Using-laravel\\vendor\\laravel\\framework\\src\\Illuminate\\Pipeline\\Pipeline.php(180): Illuminate\\Http\\Middleware\\TrustProxies->handle()
#43 C:\\xampp\\htdocs\\All Project\\Udemy\\Student-Registration-Form-Using-laravel\\vendor\\laravel\\framework\\src\\Illuminate\\Pipeline\\Pipeline.php(116): Illuminate\\Pipeline\\Pipeline->Illuminate\\Pipeline\\{closure}()
#44 C:\\xampp\\htdocs\\All Project\\Udemy\\Student-Registration-Form-Using-laravel\\vendor\\laravel\\framework\\src\\Illuminate\\Foundation\\Http\\Kernel.php(175): Illuminate\\Pipeline\\Pipeline->then()
#45 C:\\xampp\\htdocs\\All Project\\Udemy\\Student-Registration-Form-Using-laravel\\vendor\\laravel\\framework\\src\\Illuminate\\Foundation\\Http\\Kernel.php(144): Illuminate\\Foundation\\Http\\Kernel->sendRequestThroughRouter()
#46 C:\\xampp\\htdocs\\All Project\\Udemy\\Student-Registration-Form-Using-laravel\\public\\index.php(51): Illuminate\\Foundation\\Http\\Kernel->handle()
#47 C:\\xampp\\htdocs\\All Project\\Udemy\\Student-Registration-Form-Using-laravel\\vendor\\laravel\\framework\\src\\Illuminate\\Foundation\\resources\\server.php(16): require_once('...')
#48 {main}
"} 
[2023-08-25 18:15:23] local.ERROR: file_put_contents(C:\xampp\htdocs\All Project\Udemy\storage\framework/sessions/xSVp0bC0n5uHG3WY0wP03sGUPb8uJgN6pSRGabET): Failed to open stream: No such file or directory {"exception":"[object] (ErrorException(code: 0): file_put_contents(C:\\xampp\\htdocs\\All Project\\Udemy\\storage\\framework/sessions/xSVp0bC0n5uHG3WY0wP03sGUPb8uJgN6pSRGabET): Failed to open stream: No such file or directory at C:\\xampp\\htdocs\\All Project\\Udemy\\Student-Registration-Form-Using-laravel\\vendor\\laravel\\framework\\src\\Illuminate\\Filesystem\\Filesystem.php:205)
[stacktrace]
#0 C:\\xampp\\htdocs\\All Project\\Udemy\\Student-Registration-Form-Using-laravel\\vendor\\laravel\\framework\\src\\Illuminate\\Foundation\\Bootstrap\\HandleExceptions.php(254): Illuminate\\Foundation\\Bootstrap\\HandleExceptions->handleError()
#1 [internal function]: Illuminate\\Foundation\\Bootstrap\\HandleExceptions->Illuminate\\Foundation\\Bootstrap\\{closure}()
#2 C:\\xampp\\htdocs\\All Project\\Udemy\\Student-Registration-Form-Using-laravel\\vendor\\laravel\\framework\\src\\Illuminate\\Filesystem\\Filesystem.php(205): file_put_contents()
#3 C:\\xampp\\htdocs\\All Project\\Udemy\\Student-Registration-Form-Using-laravel\\vendor\\laravel\\framework\\src\\Illuminate\\Session\\FileSessionHandler.php(90): Illuminate\\Filesystem\\Filesystem->put()
#4 C:\\xampp\\htdocs\\All Project\\Udemy\\Student-Registration-Form-Using-laravel\\vendor\\laravel\\framework\\src\\Illuminate\\Session\\Store.php(172): Illuminate\\Session\\FileSessionHandler->write()
#5 C:\\xampp\\htdocs\\All Project\\Udemy\\Student-Registration-Form-Using-laravel\\vendor\\laravel\\framework\\src\\Illuminate\\Session\\Middleware\\StartSession.php(238): Illuminate\\Session\\Store->save()
#6 C:\\xampp\\htdocs\\All Project\\Udemy\\Student-Registration-Form-Using-laravel\\vendor\\laravel\\framework\\src\\Illuminate\\Session\\Middleware\\StartSession.php(130): Illuminate\\Session\\Middleware\\StartSession->saveSession()
#7 C:\\xampp\\htdocs\\All Project\\Udemy\\Student-Registration-Form-Using-laravel\\vendor\\laravel\\framework\\src\\Illuminate\\Session\\Middleware\\StartSession.php(64): Illuminate\\Session\\Middleware\\StartSession->handleStatefulRequest()
#8 C:\\xampp\\htdocs\\All Project\\Udemy\\Student-Registration-Form-Using-laravel\\vendor\\laravel\\framework\\src\\Illuminate\\Pipeline\\Pipeline.php(180): Illuminate\\Session\\Middleware\\StartSession->handle()
#9 C:\\xampp\\htdocs\\All Project\\Udemy\\Student-Registration-Form-Using-laravel\\vendor\\laravel\\framework\\src\\Illuminate\\Cookie\\Middleware\\AddQueuedCookiesToResponse.php(37): Illuminate\\Pipeline\\Pipeline->Illuminate\\Pipeline\\{closure}()
#10 C:\\xampp\\htdocs\\All Project\\Udemy\\Student-Registration-Form-Using-laravel\\vendor\\laravel\\framework\\src\\Illuminate\\Pipeline\\Pipeline.php(180): Illuminate\\Cookie\\Middleware\\AddQueuedCookiesToResponse->handle()
#11 C:\\xampp\\htdocs\\All Project\\Udemy\\Student-Registration-Form-Using-laravel\\vendor\\laravel\\framework\\src\\Illuminate\\Cookie\\Middleware\\EncryptCookies.php(67): Illuminate\\Pipeline\\Pipeline->Illuminate\\Pipeline\\{closure}()
#12 C:\\xampp\\htdocs\\All Project\\Udemy\\Student-Registration-Form-Using-laravel\\vendor\\laravel\\framework\\src\\Illuminate\\Pipeline\\Pipeline.php(180): Illuminate\\Cookie\\Middleware\\EncryptCookies->handle()
#13 C:\\xampp\\htdocs\\All Project\\Udemy\\Student-Registration-Form-Using-laravel\\vendor\\laravel\\framework\\src\\Illuminate\\Pipeline\\Pipeline.php(116): Illuminate\\Pipeline\\Pipeline->Illuminate\\Pipeline\\{closure}()
#14 C:\\xampp\\htdocs\\All Project\\Udemy\\Student-Registration-Form-Using-laravel\\vendor\\laravel\\framework\\src\\Illuminate\\Routing\\Router.php(798): Illuminate\\Pipeline\\Pipeline->then()
#15 C:\\xampp\\htdocs\\All Project\\Udemy\\Student-Registration-Form-Using-laravel\\vendor\\laravel\\framework\\src\\Illuminate\\Routing\\Router.php(777): Illuminate\\Routing\\Router->runRouteWithinStack()
#16 C:\\xampp\\htdocs\\All Project\\Udemy\\Student-Registration-Form-Using-laravel\\vendor\\laravel\\framework\\src\\Illuminate\\Routing\\Router.php(741): Illuminate\\Routing\\Router->runRoute()
#17 C:\\xampp\\htdocs\\All Project\\Udemy\\Student-Registration-Form-Using-laravel\\vendor\\laravel\\framework\\src\\Illuminate\\Routing\\Router.php(730): Illuminate\\Routing\\Router->dispatchToRoute()
#18 C:\\xampp\\htdocs\\All Project\\Udemy\\Student-Registration-Form-Using-laravel\\vendor\\laravel\\framework\\src\\Illuminate\\Foundation\\Http\\Kernel.php(200): Illuminate\\Routing\\Router->dispatch()
#19 C:\\xampp\\htdocs\\All Project\\Udemy\\Student-Registration-Form-Using-laravel\\vendor\\laravel\\framework\\src\\Illuminate\\Pipeline\\Pipeline.php(141): Illuminate\\Foundation\\Http\\Kernel->Illuminate\\Foundation\\Http\\{closure}()
#20 C:\\xampp\\htdocs\\All Project\\Udemy\\Student-Registration-Form-Using-laravel\\vendor\\laravel\\framework\\src\\Illuminate\\Foundation\\Http\\Middleware\\TransformsRequest.php(21): Illuminate\\Pipeline\\Pipeline->Illuminate\\Pipeline\\{closure}()
#21 C:\\xampp\\htdocs\\All Project\\Udemy\\Student-Registration-Form-Using-laravel\\vendor\\laravel\\framework\\src\\Illuminate\\Foundation\\Http\\Middleware\\ConvertEmptyStringsToNull.php(31): Illuminate\\Foundation\\Http\\Middleware\\TransformsRequest->handle()
#22 C:\\xampp\\htdocs\\All Project\\Udemy\\Student-Registration-Form-Using-laravel\\vendor\\laravel\\framework\\src\\Illuminate\\Pipeline\\Pipeline.php(180): Illuminate\\Foundation\\Http\\Middleware\\ConvertEmptyStringsToNull->handle()
#23 C:\\xampp\\htdocs\\All Project\\Udemy\\Student-Registration-Form-Using-laravel\\vendor\\laravel\\framework\\src\\Illuminate\\Foundation\\Http\\Middleware\\TransformsRequest.php(21): Illuminate\\Pipeline\\Pipeline->Illuminate\\Pipeline\\{closure}()
#24 C:\\xampp\\htdocs\\All Project\\Udemy\\Student-Registration-Form-Using-laravel\\vendor\\laravel\\framework\\src\\Illuminate\\Foundation\\Http\\Middleware\\TrimStrings.php(40): Illuminate\\Foundation\\Http\\Middleware\\TransformsRequest->handle()
#25 C:\\xampp\\htdocs\\All Project\\Udemy\\Student-Registration-Form-Using-laravel\\vendor\\laravel\\framework\\src\\Illuminate\\Pipeline\\Pipeline.php(180): Illuminate\\Foundation\\Http\\Middleware\\TrimStrings->handle()
#26 C:\\xampp\\htdocs\\All Project\\Udemy\\Student-Registration-Form-Using-laravel\\vendor\\laravel\\framework\\src\\Illuminate\\Foundation\\Http\\Middleware\\ValidatePostSize.php(27): Illuminate\\Pipeline\\Pipeline->Illuminate\\Pipeline\\{closure}()
#27 C:\\xampp\\htdocs\\All Project\\Udemy\\Student-Registration-Form-Using-laravel\\vendor\\laravel\\framework\\src\\Illuminate\\Pipeline\\Pipeline.php(180): Illuminate\\Foundation\\Http\\Middleware\\ValidatePostSize->handle()
#28 C:\\xampp\\htdocs\\All Project\\Udemy\\Student-Registration-Form-Using-laravel\\vendor\\laravel\\framework\\src\\Illuminate\\Foundation\\Http\\Middleware\\PreventRequestsDuringMaintenance.php(86): Illuminate\\Pipeline\\Pipeline->Illuminate\\Pipeline\\{closure}()
#29 C:\\xampp\\htdocs\\All Project\\Udemy\\Student-Registration-Form-Using-laravel\\vendor\\laravel\\framework\\src\\Illuminate\\Pipeline\\Pipeline.php(180): Illuminate\\Foundation\\Http\\Middleware\\PreventRequestsDuringMaintenance->handle()
#30 C:\\xampp\\htdocs\\All Project\\Udemy\\Student-Registration-Form-Using-laravel\\vendor\\laravel\\framework\\src\\Illuminate\\Http\\Middleware\\HandleCors.php(49): Illuminate\\Pipeline\\Pipeline->Illuminate\\Pipeline\\{closure}()
#31 C:\\xampp\\htdocs\\All Project\\Udemy\\Student-Registration-Form-Using-laravel\\vendor\\laravel\\framework\\src\\Illuminate\\Pipeline\\Pipeline.php(180): Illuminate\\Http\\Middleware\\HandleCors->handle()
#32 C:\\xampp\\htdocs\\All Project\\Udemy\\Student-Registration-Form-Using-laravel\\vendor\\laravel\\framework\\src\\Illuminate\\Http\\Middleware\\TrustProxies.php(39): Illuminate\\Pipeline\\Pipeline->Illuminate\\Pipeline\\{closure}()
#33 C:\\xampp\\htdocs\\All Project\\Udemy\\Student-Registration-Form-Using-laravel\\vendor\\laravel\\framework\\src\\Illuminate\\Pipeline\\Pipeline.php(180): Illuminate\\Http\\Middleware\\TrustProxies->handle()
#34 C:\\xampp\\htdocs\\All Project\\Udemy\\Student-Registration-Form-Using-laravel\\vendor\\laravel\\framework\\src\\Illuminate\\Pipeline\\Pipeline.php(116): Illuminate\\Pipeline\\Pipeline->Illuminate\\Pipeline\\{closure}()
#35 C:\\xampp\\htdocs\\All Project\\Udemy\\Student-Registration-Form-Using-laravel\\vendor\\laravel\\framework\\src\\Illuminate\\Foundation\\Http\\Kernel.php(175): Illuminate\\Pipeline\\Pipeline->then()
#36 C:\\xampp\\htdocs\\All Project\\Udemy\\Student-Registration-Form-Using-laravel\\vendor\\laravel\\framework\\src\\Illuminate\\Foundation\\Http\\Kernel.php(144): Illuminate\\Foundation\\Http\\Kernel->sendRequestThroughRouter()
#37 C:\\xampp\\htdocs\\All Project\\Udemy\\Student-Registration-Form-Using-laravel\\public\\index.php(51): Illuminate\\Foundation\\Http\\Kernel->handle()
#38 C:\\xampp\\htdocs\\All Project\\Udemy\\Student-Registration-Form-Using-laravel\\vendor\\laravel\\framework\\src\\Illuminate\\Foundation\\resources\\server.php(16): require_once('...')
#39 {main}
"} 
[2023-08-25 18:15:34] local.ERROR: View [create] not found. {"exception":"[object] (InvalidArgumentException(code: 0): View [create] not found. at C:\\xampp\\htdocs\\All Project\\Udemy\\Student-Registration-Form-Using-laravel\\vendor\\laravel\\framework\\src\\Illuminate\\View\\FileViewFinder.php:137)
[stacktrace]
#0 C:\\xampp\\htdocs\\All Project\\Udemy\\Student-Registration-Form-Using-laravel\\vendor\\laravel\\framework\\src\\Illuminate\\View\\FileViewFinder.php(79): Illuminate\\View\\FileViewFinder->findInPaths()
#1 C:\\xampp\\htdocs\\All Project\\Udemy\\Student-Registration-Form-Using-laravel\\vendor\\laravel\\framework\\src\\Illuminate\\View\\Factory.php(137): Illuminate\\View\\FileViewFinder->find()
#2 C:\\xampp\\htdocs\\All Project\\Udemy\\Student-Registration-Form-Using-laravel\\vendor\\laravel\\framework\\src\\Illuminate\\Foundation\\helpers.php(1017): Illuminate\\View\\Factory->make()
#3 C:\\xampp\\htdocs\\All Project\\Udemy\\Student-Registration-Form-Using-laravel\\app\\Http\\Controllers\\StudentController.php(14): view()
#4 C:\\xampp\\htdocs\\All Project\\Udemy\\Student-Registration-Form-Using-laravel\\vendor\\laravel\\framework\\src\\Illuminate\\Routing\\Controller.php(54): App\\Http\\Controllers\\StudentController->create()
#5 C:\\xampp\\htdocs\\All Project\\Udemy\\Student-Registration-Form-Using-laravel\\vendor\\laravel\\framework\\src\\Illuminate\\Routing\\ControllerDispatcher.php(43): Illuminate\\Routing\\Controller->callAction()
#6 C:\\xampp\\htdocs\\All Project\\Udemy\\Student-Registration-Form-Using-laravel\\vendor\\laravel\\framework\\src\\Illuminate\\Routing\\Route.php(259): Illuminate\\Routing\\ControllerDispatcher->dispatch()
#7 C:\\xampp\\htdocs\\All Project\\Udemy\\Student-Registration-Form-Using-laravel\\vendor\\laravel\\framework\\src\\Illuminate\\Routing\\Route.php(205): Illuminate\\Routing\\Route->runController()
#8 C:\\xampp\\htdocs\\All Project\\Udemy\\Student-Registration-Form-Using-laravel\\vendor\\laravel\\framework\\src\\Illuminate\\Routing\\Router.php(799): Illuminate\\Routing\\Route->run()
#9 C:\\xampp\\htdocs\\All Project\\Udemy\\Student-Registration-Form-Using-laravel\\vendor\\laravel\\framework\\src\\Illuminate\\Pipeline\\Pipeline.php(141): Illuminate\\Routing\\Router->Illuminate\\Routing\\{closure}()
#10 C:\\xampp\\htdocs\\All Project\\Udemy\\Student-Registration-Form-Using-laravel\\vendor\\laravel\\framework\\src\\Illuminate\\Routing\\Middleware\\SubstituteBindings.php(50): Illuminate\\Pipeline\\Pipeline->Illuminate\\Pipeline\\{closure}()
#11 C:\\xampp\\htdocs\\All Project\\Udemy\\Student-Registration-Form-Using-laravel\\vendor\\laravel\\framework\\src\\Illuminate\\Pipeline\\Pipeline.php(180): Illuminate\\Routing\\Middleware\\SubstituteBindings->handle()
#12 C:\\xampp\\htdocs\\All Project\\Udemy\\Student-Registration-Form-Using-laravel\\vendor\\laravel\\framework\\src\\Illuminate\\Foundation\\Http\\Middleware\\VerifyCsrfToken.php(78): Illuminate\\Pipeline\\Pipeline->Illuminate\\Pipeline\\{closure}()
#13 C:\\xampp\\htdocs\\All Project\\Udemy\\Student-Registration-Form-Using-laravel\\vendor\\laravel\\framework\\src\\Illuminate\\Pipeline\\Pipeline.php(180): Illuminate\\Foundation\\Http\\Middleware\\VerifyCsrfToken->handle()
#14 C:\\xampp\\htdocs\\All Project\\Udemy\\Student-Registration-Form-Using-laravel\\vendor\\laravel\\framework\\src\\Illuminate\\View\\Middleware\\ShareErrorsFromSession.php(49): Illuminate\\Pipeline\\Pipeline->Illuminate\\Pipeline\\{closure}()
#15 C:\\xampp\\htdocs\\All Project\\Udemy\\Student-Registration-Form-Using-laravel\\vendor\\laravel\\framework\\src\\Illuminate\\Pipeline\\Pipeline.php(180): Illuminate\\View\\Middleware\\ShareErrorsFromSession->handle()
#16 C:\\xampp\\htdocs\\All Project\\Udemy\\Student-Registration-Form-Using-laravel\\vendor\\laravel\\framework\\src\\Illuminate\\Session\\Middleware\\StartSession.php(121): Illuminate\\Pipeline\\Pipeline->Illuminate\\Pipeline\\{closure}()
#17 C:\\xampp\\htdocs\\All Project\\Udemy\\Student-Registration-Form-Using-laravel\\vendor\\laravel\\framework\\src\\Illuminate\\Session\\Middleware\\StartSession.php(64): Illuminate\\Session\\Middleware\\StartSession->handleStatefulRequest()
#18 C:\\xampp\\htdocs\\All Project\\Udemy\\Student-Registration-Form-Using-laravel\\vendor\\laravel\\framework\\src\\Illuminate\\Pipeline\\Pipeline.php(180): Illuminate\\Session\\Middleware\\StartSession->handle()
#19 C:\\xampp\\htdocs\\All Project\\Udemy\\Student-Registration-Form-Using-laravel\\vendor\\laravel\\framework\\src\\Illuminate\\Cookie\\Middleware\\AddQueuedCookiesToResponse.php(37): Illuminate\\Pipeline\\Pipeline->Illuminate\\Pipeline\\{closure}()
#20 C:\\xampp\\htdocs\\All Project\\Udemy\\Student-Registration-Form-Using-laravel\\vendor\\laravel\\framework\\src\\Illuminate\\Pipeline\\Pipeline.php(180): Illuminate\\Cookie\\Middleware\\AddQueuedCookiesToResponse->handle()
#21 C:\\xampp\\htdocs\\All Project\\Udemy\\Student-Registration-Form-Using-laravel\\vendor\\laravel\\framework\\src\\Illuminate\\Cookie\\Middleware\\EncryptCookies.php(67): Illuminate\\Pipeline\\Pipeline->Illuminate\\Pipeline\\{closure}()
#22 C:\\xampp\\htdocs\\All Project\\Udemy\\Student-Registration-Form-Using-laravel\\vendor\\laravel\\framework\\src\\Illuminate\\Pipeline\\Pipeline.php(180): Illuminate\\Cookie\\Middleware\\EncryptCookies->handle()
#23 C:\\xampp\\htdocs\\All Project\\Udemy\\Student-Registration-Form-Using-laravel\\vendor\\laravel\\framework\\src\\Illuminate\\Pipeline\\Pipeline.php(116): Illuminate\\Pipeline\\Pipeline->Illuminate\\Pipeline\\{closure}()
#24 C:\\xampp\\htdocs\\All Project\\Udemy\\Student-Registration-Form-Using-laravel\\vendor\\laravel\\framework\\src\\Illuminate\\Routing\\Router.php(798): Illuminate\\Pipeline\\Pipeline->then()
#25 C:\\xampp\\htdocs\\All Project\\Udemy\\Student-Registration-Form-Using-laravel\\vendor\\laravel\\framework\\src\\Illuminate\\Routing\\Router.php(777): Illuminate\\Routing\\Router->runRouteWithinStack()
#26 C:\\xampp\\htdocs\\All Project\\Udemy\\Student-Registration-Form-Using-laravel\\vendor\\laravel\\framework\\src\\Illuminate\\Routing\\Router.php(741): Illuminate\\Routing\\Router->runRoute()
#27 C:\\xampp\\htdocs\\All Project\\Udemy\\Student-Registration-Form-Using-laravel\\vendor\\laravel\\framework\\src\\Illuminate\\Routing\\Router.php(730): Illuminate\\Routing\\Router->dispatchToRoute()
#28 C:\\xampp\\htdocs\\All Project\\Udemy\\Student-Registration-Form-Using-laravel\\vendor\\laravel\\framework\\src\\Illuminate\\Foundation\\Http\\Kernel.php(200): Illuminate\\Routing\\Router->dispatch()
#29 C:\\xampp\\htdocs\\All Project\\Udemy\\Student-Registration-Form-Using-laravel\\vendor\\laravel\\framework\\src\\Illuminate\\Pipeline\\Pipeline.php(141): Illuminate\\Foundation\\Http\\Kernel->Illuminate\\Foundation\\Http\\{closure}()
#30 C:\\xampp\\htdocs\\All Project\\Udemy\\Student-Registration-Form-Using-laravel\\vendor\\laravel\\framework\\src\\Illuminate\\Foundation\\Http\\Middleware\\TransformsRequest.php(21): Illuminate\\Pipeline\\Pipeline->Illuminate\\Pipeline\\{closure}()
#31 C:\\xampp\\htdocs\\All Project\\Udemy\\Student-Registration-Form-Using-laravel\\vendor\\laravel\\framework\\src\\Illuminate\\Foundation\\Http\\Middleware\\ConvertEmptyStringsToNull.php(31): Illuminate\\Foundation\\Http\\Middleware\\TransformsRequest->handle()
#32 C:\\xampp\\htdocs\\All Project\\Udemy\\Student-Registration-Form-Using-laravel\\vendor\\laravel\\framework\\src\\Illuminate\\Pipeline\\Pipeline.php(180): Illuminate\\Foundation\\Http\\Middleware\\ConvertEmptyStringsToNull->handle()
#33 C:\\xampp\\htdocs\\All Project\\Udemy\\Student-Registration-Form-Using-laravel\\vendor\\laravel\\framework\\src\\Illuminate\\Foundation\\Http\\Middleware\\TransformsRequest.php(21): Illuminate\\Pipeline\\Pipeline->Illuminate\\Pipeline\\{closure}()
#34 C:\\xampp\\htdocs\\All Project\\Udemy\\Student-Registration-Form-Using-laravel\\vendor\\laravel\\framework\\src\\Illuminate\\Foundation\\Http\\Middleware\\TrimStrings.php(40): Illuminate\\Foundation\\Http\\Middleware\\TransformsRequest->handle()
#35 C:\\xampp\\htdocs\\All Project\\Udemy\\Student-Registration-Form-Using-laravel\\vendor\\laravel\\framework\\src\\Illuminate\\Pipeline\\Pipeline.php(180): Illuminate\\Foundation\\Http\\Middleware\\TrimStrings->handle()
#36 C:\\xampp\\htdocs\\All Project\\Udemy\\Student-Registration-Form-Using-laravel\\vendor\\laravel\\framework\\src\\Illuminate\\Foundation\\Http\\Middleware\\ValidatePostSize.php(27): Illuminate\\Pipeline\\Pipeline->Illuminate\\Pipeline\\{closure}()
#37 C:\\xampp\\htdocs\\All Project\\Udemy\\Student-Registration-Form-Using-laravel\\vendor\\laravel\\framework\\src\\Illuminate\\Pipeline\\Pipeline.php(180): Illuminate\\Foundation\\Http\\Middleware\\ValidatePostSize->handle()
#38 C:\\xampp\\htdocs\\All Project\\Udemy\\Student-Registration-Form-Using-laravel\\vendor\\laravel\\framework\\src\\Illuminate\\Foundation\\Http\\Middleware\\PreventRequestsDuringMaintenance.php(86): Illuminate\\Pipeline\\Pipeline->Illuminate\\Pipeline\\{closure}()
#39 C:\\xampp\\htdocs\\All Project\\Udemy\\Student-Registration-Form-Using-laravel\\vendor\\laravel\\framework\\src\\Illuminate\\Pipeline\\Pipeline.php(180): Illuminate\\Foundation\\Http\\Middleware\\PreventRequestsDuringMaintenance->handle()
#40 C:\\xampp\\htdocs\\All Project\\Udemy\\Student-Registration-Form-Using-laravel\\vendor\\laravel\\framework\\src\\Illuminate\\Http\\Middleware\\HandleCors.php(49): Illuminate\\Pipeline\\Pipeline->Illuminate\\Pipeline\\{closure}()
#41 C:\\xampp\\htdocs\\All Project\\Udemy\\Student-Registration-Form-Using-laravel\\vendor\\laravel\\framework\\src\\Illuminate\\Pipeline\\Pipeline.php(180): Illuminate\\Http\\Middleware\\HandleCors->handle()
#42 C:\\xampp\\htdocs\\All Project\\Udemy\\Student-Registration-Form-Using-laravel\\vendor\\laravel\\framework\\src\\Illuminate\\Http\\Middleware\\TrustProxies.php(39): Illuminate\\Pipeline\\Pipeline->Illuminate\\Pipeline\\{closure}()
#43 C:\\xampp\\htdocs\\All Project\\Udemy\\Student-Registration-Form-Using-laravel\\vendor\\laravel\\framework\\src\\Illuminate\\Pipeline\\Pipeline.php(180): Illuminate\\Http\\Middleware\\TrustProxies->handle()
#44 C:\\xampp\\htdocs\\All Project\\Udemy\\Student-Registration-Form-Using-laravel\\vendor\\laravel\\framework\\src\\Illuminate\\Pipeline\\Pipeline.php(116): Illuminate\\Pipeline\\Pipeline->Illuminate\\Pipeline\\{closure}()
#45 C:\\xampp\\htdocs\\All Project\\Udemy\\Student-Registration-Form-Using-laravel\\vendor\\laravel\\framework\\src\\Illuminate\\Foundation\\Http\\Kernel.php(175): Illuminate\\Pipeline\\Pipeline->then()
#46 C:\\xampp\\htdocs\\All Project\\Udemy\\Student-Registration-Form-Using-laravel\\vendor\\laravel\\framework\\src\\Illuminate\\Foundation\\Http\\Kernel.php(144): Illuminate\\Foundation\\Http\\Kernel->sendRequestThroughRouter()
#47 C:\\xampp\\htdocs\\All Project\\Udemy\\Student-Registration-Form-Using-laravel\\public\\index.php(51): Illuminate\\Foundation\\Http\\Kernel->handle()
#48 C:\\xampp\\htdocs\\All Project\\Udemy\\Student-Registration-Form-Using-laravel\\vendor\\laravel\\framework\\src\\Illuminate\\Foundation\\resources\\server.php(16): require_once('...')
#49 {main}
"} 
[2023-08-25 18:15:34] local.ERROR: file_put_contents(C:\xampp\htdocs\All Project\Udemy\storage\framework/sessions/xSVp0bC0n5uHG3WY0wP03sGUPb8uJgN6pSRGabET): Failed to open stream: No such file or directory {"exception":"[object] (ErrorException(code: 0): file_put_contents(C:\\xampp\\htdocs\\All Project\\Udemy\\storage\\framework/sessions/xSVp0bC0n5uHG3WY0wP03sGUPb8uJgN6pSRGabET): Failed to open stream: No such file or directory at C:\\xampp\\htdocs\\All Project\\Udemy\\Student-Registration-Form-Using-laravel\\vendor\\laravel\\framework\\src\\Illuminate\\Filesystem\\Filesystem.php:205)
[stacktrace]
#0 C:\\xampp\\htdocs\\All Project\\Udemy\\Student-Registration-Form-Using-laravel\\vendor\\laravel\\framework\\src\\Illuminate\\Foundation\\Bootstrap\\HandleExceptions.php(254): Illuminate\\Foundation\\Bootstrap\\HandleExceptions->handleError()
#1 [internal function]: Illuminate\\Foundation\\Bootstrap\\HandleExceptions->Illuminate\\Foundation\\Bootstrap\\{closure}()
#2 C:\\xampp\\htdocs\\All Project\\Udemy\\Student-Registration-Form-Using-laravel\\vendor\\laravel\\framework\\src\\Illuminate\\Filesystem\\Filesystem.php(205): file_put_contents()
#3 C:\\xampp\\htdocs\\All Project\\Udemy\\Student-Registration-Form-Using-laravel\\vendor\\laravel\\framework\\src\\Illuminate\\Session\\FileSessionHandler.php(90): Illuminate\\Filesystem\\Filesystem->put()
#4 C:\\xampp\\htdocs\\All Project\\Udemy\\Student-Registration-Form-Using-laravel\\vendor\\laravel\\framework\\src\\Illuminate\\Session\\Store.php(172): Illuminate\\Session\\FileSessionHandler->write()
#5 C:\\xampp\\htdocs\\All Project\\Udemy\\Student-Registration-Form-Using-laravel\\vendor\\laravel\\framework\\src\\Illuminate\\Session\\Middleware\\StartSession.php(238): Illuminate\\Session\\Store->save()
#6 C:\\xampp\\htdocs\\All Project\\Udemy\\Student-Registration-Form-Using-laravel\\vendor\\laravel\\framework\\src\\Illuminate\\Session\\Middleware\\StartSession.php(130): Illuminate\\Session\\Middleware\\StartSession->saveSession()
#7 C:\\xampp\\htdocs\\All Project\\Udemy\\Student-Registration-Form-Using-laravel\\vendor\\laravel\\framework\\src\\Illuminate\\Session\\Middleware\\StartSession.php(64): Illuminate\\Session\\Middleware\\StartSession->handleStatefulRequest()
#8 C:\\xampp\\htdocs\\All Project\\Udemy\\Student-Registration-Form-Using-laravel\\vendor\\laravel\\framework\\src\\Illuminate\\Pipeline\\Pipeline.php(180): Illuminate\\Session\\Middleware\\StartSession->handle()
#9 C:\\xampp\\htdocs\\All Project\\Udemy\\Student-Registration-Form-Using-laravel\\vendor\\laravel\\framework\\src\\Illuminate\\Cookie\\Middleware\\AddQueuedCookiesToResponse.php(37): Illuminate\\Pipeline\\Pipeline->Illuminate\\Pipeline\\{closure}()
#10 C:\\xampp\\htdocs\\All Project\\Udemy\\Student-Registration-Form-Using-laravel\\vendor\\laravel\\framework\\src\\Illuminate\\Pipeline\\Pipeline.php(180): Illuminate\\Cookie\\Middleware\\AddQueuedCookiesToResponse->handle()
#11 C:\\xampp\\htdocs\\All Project\\Udemy\\Student-Registration-Form-Using-laravel\\vendor\\laravel\\framework\\src\\Illuminate\\Cookie\\Middleware\\EncryptCookies.php(67): Illuminate\\Pipeline\\Pipeline->Illuminate\\Pipeline\\{closure}()
#12 C:\\xampp\\htdocs\\All Project\\Udemy\\Student-Registration-Form-Using-laravel\\vendor\\laravel\\framework\\src\\Illuminate\\Pipeline\\Pipeline.php(180): Illuminate\\Cookie\\Middleware\\EncryptCookies->handle()
#13 C:\\xampp\\htdocs\\All Project\\Udemy\\Student-Registration-Form-Using-laravel\\vendor\\laravel\\framework\\src\\Illuminate\\Pipeline\\Pipeline.php(116): Illuminate\\Pipeline\\Pipeline->Illuminate\\Pipeline\\{closure}()
#14 C:\\xampp\\htdocs\\All Project\\Udemy\\Student-Registration-Form-Using-laravel\\vendor\\laravel\\framework\\src\\Illuminate\\Routing\\Router.php(798): Illuminate\\Pipeline\\Pipeline->then()
#15 C:\\xampp\\htdocs\\All Project\\Udemy\\Student-Registration-Form-Using-laravel\\vendor\\laravel\\framework\\src\\Illuminate\\Routing\\Router.php(777): Illuminate\\Routing\\Router->runRouteWithinStack()
#16 C:\\xampp\\htdocs\\All Project\\Udemy\\Student-Registration-Form-Using-laravel\\vendor\\laravel\\framework\\src\\Illuminate\\Routing\\Router.php(741): Illuminate\\Routing\\Router->runRoute()
#17 C:\\xampp\\htdocs\\All Project\\Udemy\\Student-Registration-Form-Using-laravel\\vendor\\laravel\\framework\\src\\Illuminate\\Routing\\Router.php(730): Illuminate\\Routing\\Router->dispatchToRoute()
#18 C:\\xampp\\htdocs\\All Project\\Udemy\\Student-Registration-Form-Using-laravel\\vendor\\laravel\\framework\\src\\Illuminate\\Foundation\\Http\\Kernel.php(200): Illuminate\\Routing\\Router->dispatch()
#19 C:\\xampp\\htdocs\\All Project\\Udemy\\Student-Registration-Form-Using-laravel\\vendor\\laravel\\framework\\src\\Illuminate\\Pipeline\\Pipeline.php(141): Illuminate\\Foundation\\Http\\Kernel->Illuminate\\Foundation\\Http\\{closure}()
#20 C:\\xampp\\htdocs\\All Project\\Udemy\\Student-Registration-Form-Using-laravel\\vendor\\laravel\\framework\\src\\Illuminate\\Foundation\\Http\\Middleware\\TransformsRequest.php(21): Illuminate\\Pipeline\\Pipeline->Illuminate\\Pipeline\\{closure}()
#21 C:\\xampp\\htdocs\\All Project\\Udemy\\Student-Registration-Form-Using-laravel\\vendor\\laravel\\framework\\src\\Illuminate\\Foundation\\Http\\Middleware\\ConvertEmptyStringsToNull.php(31): Illuminate\\Foundation\\Http\\Middleware\\TransformsRequest->handle()
#22 C:\\xampp\\htdocs\\All Project\\Udemy\\Student-Registration-Form-Using-laravel\\vendor\\laravel\\framework\\src\\Illuminate\\Pipeline\\Pipeline.php(180): Illuminate\\Foundation\\Http\\Middleware\\ConvertEmptyStringsToNull->handle()
#23 C:\\xampp\\htdocs\\All Project\\Udemy\\Student-Registration-Form-Using-laravel\\vendor\\laravel\\framework\\src\\Illuminate\\Foundation\\Http\\Middleware\\TransformsRequest.php(21): Illuminate\\Pipeline\\Pipeline->Illuminate\\Pipeline\\{closure}()
#24 C:\\xampp\\htdocs\\All Project\\Udemy\\Student-Registration-Form-Using-laravel\\vendor\\laravel\\framework\\src\\Illuminate\\Foundation\\Http\\Middleware\\TrimStrings.php(40): Illuminate\\Foundation\\Http\\Middleware\\TransformsRequest->handle()
#25 C:\\xampp\\htdocs\\All Project\\Udemy\\Student-Registration-Form-Using-laravel\\vendor\\laravel\\framework\\src\\Illuminate\\Pipeline\\Pipeline.php(180): Illuminate\\Foundation\\Http\\Middleware\\TrimStrings->handle()
#26 C:\\xampp\\htdocs\\All Project\\Udemy\\Student-Registration-Form-Using-laravel\\vendor\\laravel\\framework\\src\\Illuminate\\Foundation\\Http\\Middleware\\ValidatePostSize.php(27): Illuminate\\Pipeline\\Pipeline->Illuminate\\Pipeline\\{closure}()
#27 C:\\xampp\\htdocs\\All Project\\Udemy\\Student-Registration-Form-Using-laravel\\vendor\\laravel\\framework\\src\\Illuminate\\Pipeline\\Pipeline.php(180): Illuminate\\Foundation\\Http\\Middleware\\ValidatePostSize->handle()
#28 C:\\xampp\\htdocs\\All Project\\Udemy\\Student-Registration-Form-Using-laravel\\vendor\\laravel\\framework\\src\\Illuminate\\Foundation\\Http\\Middleware\\PreventRequestsDuringMaintenance.php(86): Illuminate\\Pipeline\\Pipeline->Illuminate\\Pipeline\\{closure}()
#29 C:\\xampp\\htdocs\\All Project\\Udemy\\Student-Registration-Form-Using-laravel\\vendor\\laravel\\framework\\src\\Illuminate\\Pipeline\\Pipeline.php(180): Illuminate\\Foundation\\Http\\Middleware\\PreventRequestsDuringMaintenance->handle()
#30 C:\\xampp\\htdocs\\All Project\\Udemy\\Student-Registration-Form-Using-laravel\\vendor\\laravel\\framework\\src\\Illuminate\\Http\\Middleware\\HandleCors.php(49): Illuminate\\Pipeline\\Pipeline->Illuminate\\Pipeline\\{closure}()
#31 C:\\xampp\\htdocs\\All Project\\Udemy\\Student-Registration-Form-Using-laravel\\vendor\\laravel\\framework\\src\\Illuminate\\Pipeline\\Pipeline.php(180): Illuminate\\Http\\Middleware\\HandleCors->handle()
#32 C:\\xampp\\htdocs\\All Project\\Udemy\\Student-Registration-Form-Using-laravel\\vendor\\laravel\\framework\\src\\Illuminate\\Http\\Middleware\\TrustProxies.php(39): Illuminate\\Pipeline\\Pipeline->Illuminate\\Pipeline\\{closure}()
#33 C:\\xampp\\htdocs\\All Project\\Udemy\\Student-Registration-Form-Using-laravel\\vendor\\laravel\\framework\\src\\Illuminate\\Pipeline\\Pipeline.php(180): Illuminate\\Http\\Middleware\\TrustProxies->handle()
#34 C:\\xampp\\htdocs\\All Project\\Udemy\\Student-Registration-Form-Using-laravel\\vendor\\laravel\\framework\\src\\Illuminate\\Pipeline\\Pipeline.php(116): Illuminate\\Pipeline\\Pipeline->Illuminate\\Pipeline\\{closure}()
#35 C:\\xampp\\htdocs\\All Project\\Udemy\\Student-Registration-Form-Using-laravel\\vendor\\laravel\\framework\\src\\Illuminate\\Foundation\\Http\\Kernel.php(175): Illuminate\\Pipeline\\Pipeline->then()
#36 C:\\xampp\\htdocs\\All Project\\Udemy\\Student-Registration-Form-Using-laravel\\vendor\\laravel\\framework\\src\\Illuminate\\Foundation\\Http\\Kernel.php(144): Illuminate\\Foundation\\Http\\Kernel->sendRequestThroughRouter()
#37 C:\\xampp\\htdocs\\All Project\\Udemy\\Student-Registration-Form-Using-laravel\\public\\index.php(51): Illuminate\\Foundation\\Http\\Kernel->handle()
#38 C:\\xampp\\htdocs\\All Project\\Udemy\\Student-Registration-Form-Using-laravel\\vendor\\laravel\\framework\\src\\Illuminate\\Foundation\\resources\\server.php(16): require_once('...')
#39 {main}
"} 
